<?xml version="1.0" encoding="UTF-8"?>
<!-- Generated by org.testng.reporters.JUnitReportReporter -->
<testsuite skipped="0" hostname="LAPTOP-U3IISO68" name="healthifyme.automationassignment.testscripts.FoodObjectiveVerificationTest" tests="1" failures="0" timestamp="13 Feb 2019 14:25:51 GMT" time="127.020" errors="0">
  <testcase name="buyTvTest" time="127.020" classname="healthifyme.automationassignment.testscripts.FoodObjectiveVerificationTest"/>
</testsuite> <!-- healthifyme.automationassignment.testscripts.FoodObjectiveVerificationTest -->
