<?xml version="1.0" encoding="UTF-8"?>
<!-- Generated by org.testng.reporters.JUnitReportReporter -->
<testsuite skipped="0" hostname="LAPTOP-U3IISO68" name="wipro.automationassignment.testscripts.BuyTvTest" tests="1" failures="0" timestamp="12 Jan 2019 12:08:48 GMT" time="95.860" errors="0">
  <testcase name="buyTvTest" time="95.860" classname="wipro.automationassignment.testscripts.BuyTvTest"/>
</testsuite> <!-- wipro.automationassignment.testscripts.BuyTvTest -->
